<?xml version="1.0" encoding="UTF-8"?>
<!-- Generated by org.testng.reporters.JUnitReportReporter -->
<testsuite hostname="Amol" failures="0" tests="2" name="com.wtw.testcases.LoginTests" time="11.529" errors="0" timestamp="2024-08-01T03:40:34 IST" skipped="0">
  <testcase classname="com.wtw.testcases.LoginTests" name="loginValidationWithInvalidCred" time="4.068"/>
  <testcase classname="com.wtw.testcases.LoginTests" name="loginLogoutValidationWithValidCred" time="7.461"/>
</testsuite> <!-- com.wtw.testcases.LoginTests -->
