<?xml version="1.0" encoding="UTF-8"?>
<!-- Generated by org.testng.reporters.JUnitReportReporter -->
<testsuite hostname="Amol" failures="0" tests="2" name="com.wtw.testcases.CheckoutTests" time="27.024" errors="0" timestamp="2024-08-01T14:40:23 IST" skipped="0">
  <testcase classname="com.wtw.testcases.CheckoutTests" name="addProductToCartAndCheckout" time="17.170"/>
  <testcase classname="com.wtw.testcases.CheckoutTests" name="multipleScenarioWorkflow" time="9.854"/>
</testsuite> <!-- com.wtw.testcases.CheckoutTests -->
