<?xml version="1.0" encoding="UTF-8"?>
<!-- Generated by org.testng.reporters.JUnitReportReporter -->
<testsuite hostname="Amol" failures="0" tests="2" name="com.wtw.testcases.LoginTests" time="18.505" errors="0" timestamp="2024-08-01T14:40:23 IST" skipped="0">
  <testcase classname="com.wtw.testcases.LoginTests" name="loginValidationWithInvalidCred" time="10.136"/>
  <testcase classname="com.wtw.testcases.LoginTests" name="loginLogoutValidationWithValidCred" time="8.369"/>
</testsuite> <!-- com.wtw.testcases.LoginTests -->
