<?xml version="1.0" encoding="UTF-8"?>
<!-- Generated by org.testng.reporters.JUnitReportReporter -->
<testsuite hostname="Amol" failures="0" tests="2" name="com.wtw.testcases.LoginTest" time="7.472" errors="0" timestamp="2024-07-30T22:41:47 IST" skipped="0">
  <testcase classname="com.wtw.testcases.LoginTest" name="loginLogoutValidationWithValidCred" time="4.036"/>
  <testcase classname="com.wtw.testcases.LoginTest" name="loginLogoutValidationWithInvalidCred" time="3.436"/>
</testsuite> <!-- com.wtw.testcases.LoginTest -->
