<?xml version="1.0" encoding="UTF-8"?>
<!-- Generated by org.testng.reporters.JUnitReportReporter -->
<testsuite hostname="Amol" failures="0" tests="1" name="com.wtw.testcases.InventoryTest" time="4.607" errors="0" timestamp="2024-07-30T21:48:37 IST" skipped="0">
  <testcase classname="com.wtw.testcases.InventoryTest" name="verifyProductTitle" time="4.607"/>
</testsuite> <!-- com.wtw.testcases.InventoryTest -->
