<?xml version="1.0" encoding="UTF-8"?>
<!-- Generated by org.testng.reporters.JUnitReportReporter -->
<testsuite hostname="Amol" failures="0" tests="2" name="com.wtw.testcases.ProductsTests" time="36.043" errors="0" timestamp="2024-08-01T03:40:34 IST" skipped="0">
  <testcase classname="com.wtw.testcases.ProductsTests" name="validateRemoveFunctionalityWithPerUser" time="17.512"/>
  <testcase classname="com.wtw.testcases.ProductsTests" name="validateResetAppSateWithBrowserRefresh" time="18.531"/>
</testsuite> <!-- com.wtw.testcases.ProductsTests -->
