<?xml version="1.0" encoding="UTF-8"?>
<!-- Generated by org.testng.reporters.JUnitReportReporter -->
<testsuite hostname="Amol" failures="0" tests="1" name="com.wtw.testcases.HeaderTests" time="33.380" errors="0" timestamp="2024-08-01T02:25:01 IST" skipped="0">
  <testcase classname="com.wtw.testcases.HeaderTests" name="validateFooterSocialMediaLinksInFooter" time="33.380"/>
</testsuite> <!-- com.wtw.testcases.HeaderTests -->
