<?xml version="1.0" encoding="UTF-8"?>
<!-- Generated by org.testng.reporters.JUnitReportReporter -->
<testsuite hostname="Amol" failures="0" tests="2" name="com.wtw.testcases.LoginTests" time="13.588" errors="0" timestamp="2024-08-01T03:46:48 IST" skipped="0">
  <testcase classname="com.wtw.testcases.LoginTests" name="loginValidationWithInvalidCred" time="8.502"/>
  <testcase classname="com.wtw.testcases.LoginTests" name="loginLogoutValidationWithValidCred" time="5.086"/>
</testsuite> <!-- com.wtw.testcases.LoginTests -->
