<?xml version="1.0" encoding="UTF-8"?>
<!-- Generated by org.testng.reporters.JUnitReportReporter -->
<testsuite hostname="Amol" failures="0" tests="2" name="com.wtw.testcases.ProductsTests" time="81.477" errors="0" timestamp="2024-08-01T14:37:35 IST" skipped="0">
  <testcase classname="com.wtw.testcases.ProductsTests" name="validateResetAppSateWithBrowserRefresh" time="38.275"/>
  <testcase classname="com.wtw.testcases.ProductsTests" name="validateRemoveFunctionalityWithPerUser" time="43.202"/>
</testsuite> <!-- com.wtw.testcases.ProductsTests -->
