<?xml version="1.0" encoding="UTF-8"?>
<!-- Generated by org.testng.reporters.JUnitReportReporter -->
<testsuite hostname="Amol" failures="0" tests="2" name="com.wtw.testcases.CheckoutTests" time="22.576" errors="0" timestamp="2024-08-01T03:46:48 IST" skipped="0">
  <testcase classname="com.wtw.testcases.CheckoutTests" name="multipleScenarioWorkflow" time="7.368"/>
  <testcase classname="com.wtw.testcases.CheckoutTests" name="addProductToCartAndCheckout" time="15.208"/>
</testsuite> <!-- com.wtw.testcases.CheckoutTests -->
