<?xml version="1.0" encoding="UTF-8"?>
<!-- Generated by org.testng.reporters.JUnitReportReporter -->
<testsuite hostname="Amol" failures="0" tests="1" name="com.wtw.testcases.FooterTests" time="15.229" errors="0" timestamp="2024-08-01T03:46:48 IST" skipped="0">
  <testcase classname="com.wtw.testcases.FooterTests" name="validateFooterSocialMediaLinksInFooter" time="15.229"/>
</testsuite> <!-- com.wtw.testcases.FooterTests -->
