<?xml version="1.0" encoding="UTF-8"?>
<!-- Generated by org.testng.reporters.JUnitReportReporter -->
<testsuite hostname="Amol" failures="0" tests="2" name="com.wtw.testcases.ProductsTests" time="37.958" errors="0" timestamp="2024-08-01T03:46:48 IST" skipped="0">
  <testcase classname="com.wtw.testcases.ProductsTests" name="validateResetAppSateWithBrowserRefresh" time="20.578"/>
  <testcase classname="com.wtw.testcases.ProductsTests" name="validateRemoveFunctionalityWithPerUser" time="17.380"/>
</testsuite> <!-- com.wtw.testcases.ProductsTests -->
